[   000000] nitializing cgroup subsys cpuset
[    0.000000] Initializing cgroup subsys cpu
[    0.000000] Initializing cgroup subsys cpuacct
[    0.000000] Linux version 4.4.0-141-generic (buildd@lcy01-amd64-006) (gcc version 5.4.0 20160609 (Ubuntu 5.4.0-6ubuntu1~16.04.10) ) #167-Ubuntu SMP Wed Dec 5 10:40:15 UTC 2018 (Ubuntu 4.4.0-141.167-generic 4.4.162)
[    0.000000] Command line: BOOT_IMAGE=/boot/vmlinuz-4.4.0-141-generic root=LABEL=cloudimg-rootfs ro console=tty1 console=ttyS0
[    0.000000] KERNEL supported cpus:
[    0.000000]   Intel GenuineIntel
[    0.000000]   AMD AuthenticAMD
[    0.000000]   Centaur CentaurHauls
[    0.000000] x86/fpu: xstate_offset[2]:  576, xstate_sizes[2]:  256
[    0.000000] x86/fpu: Supporting XSAVE feature 0x01: 'x87 floating point registers'
[    0.000000] x86/fpu: Supporting XSAVE feature 0x02: 'SSE registers'
[    0.000000] x86/fpu: Supporting XSAVE feature 0x04: 'AVX registers'
[    0.000000] x86/fpu: Enabled xstate features 0x7, context size is 832 bytes, using 'standard' format.
[    0.000000] e820: BIOS-provided physical RAM map:
[    0.000000] BIOS-e820: [mem 0x0000000000000000-0x000000000009fbff] usable
[    0.000000] BIOS-e820: [mem 0x000000000009fc00-0x000000000009ffff] reserved
[    0.000000] BIOS-e820: [mem 0x00000000000f0000-0x00000000000fffff] reserved
[    0.000000] BIOS-e820: [mem 0x0000000000100000-0x000000003ffeffff] usable
[    0.000000] BIOS-e820: [mem 0x000000003fff0000-0x000000003fffffff] ACPI data
[    0.000000] BIOS-e820: [mem 0x00000000fec00000-0x00000000fec00fff] reserved
[    0.000000] BIOS-e820: [mem 0x00000000fee00000-0x00000000fee00fff] reserved
[    0.000000] BIOS-e820: [mem 0x00000000fffc0000-0x00000000ffffffff] reserved
[    0.000000] NX (Execute Disable) protection: active
[    0.000000] SMBIOS 2.5 present.
[    0.000000] Hypervisor detected: KVM
[    0.000000] e820: last_pfn = 0x3fff0 max_arch_pfn = 0x400000000
[    0.000000] MTRR: Disabled
[    0.000000] x86/PAT: MTRRs disabled, skipping PAT initialization too.
[    0.000000] CPU MTRRs all blank - virtualized system.
[    0.000000] x86/PAT: Configuration [0-7]: WB  WT  UC- UC  WB  WT  UC- UC  
[    0.000000] found SMP MP-table at [mem 0x0009fff0-0x0009ffff] mapped at [ffff88000009fff0]
[    0.000000] Scanning 1 areas for low memory corruption
[    0.000000] RAMDISK: [mem 0x36306000-0x3717afff]
[    0.000000] ACPI: Early table checksum verification disabled
[    0.000000] ACPI: RSDP 0x00000000000E0000 000024 (v02 VBOX  )
[    0.000000] ACPI: XSDT 0x000000003FFF0030 00003C (v01 VBOX   VBOXXSDT 00000001 ASL  00000061)
[    0.000000] ACPI: FACP 0x000000003FFF00F0 0000F4 (v04 VBOX   VBOXFACP 00000001 ASL  00000061)
[    0.000000] ACPI: DSDT 0x000000003FFF0470 0021FF (v02 VBOX   VBOXBIOS 00000002 INTL 20180105)
[    0.000000] ACPI: FACS 0x000000003FFF0200 000040
[    0.000000] ACPI: FACS 0x000000003FFF0200 000040
[    0.000000] ACPI: APIC 0x000000003FFF0240 00005C (v02 VBOX   VBOXAPIC 00000001 ASL  00000061)
[    0.000000] ACPI: SSDT 0x000000003FFF02A0 0001CC (v01 VBOX   VBOXCPUT 00000002 INTL 20180105)
[    0.000000] No NUMA configuration found
[    0.000000] Faking a node at [mem 0x0000000000000000-0x000000003ffeffff]
[    0.000000] NODE_DATA(0) allocated [mem 0x3ffeb000-0x3ffeffff]
[    0.000000] kvm-clock: Using msrs 4b564d01 and 4b564d00
[    0.000000] kvm-clock: cpu 0, msr 0:3ffe3001, primary cpu clock
[    0.000000] kvm-clock: using sched offset of 3262139656 cycles
[    0.000000] clocksource: kvm-clock: mask: 0xffffffffffffffff max_cycles: 0x1cd42e4dffb, max_idle_ns: 881590591483 ns
[    0.000000] Zone ranges:
[    0.000000]   DMA      [mem 0x0000000000001000-0x0000000000ffffff]
[    0.000000]   DMA32    [mem 0x0000000001000000-0x000000003ffeffff]
[    0.000000]   Normal   empty
[    0.000000]   Device   empty
[    0.000000] Movable zone start for each node
[    0.000000] Early memory node ranges
[    0.000000]   node   0: [mem 0x0000000000001000-0x000000000009efff]
[    0.000000]   node   0: [mem 0x0000000000100000-0x000000003ffeffff]
[    0.000000] Initmem setup node 0 [mem 0x0000000000001000-0x000000003ffeffff]
[    0.000000] ACPI: PM-Timer IO Port: 0x4008
[    0.000000] IOAPIC[0]: apic_id 2, version 32, address 0xfec00000, GSI 0-23
[    0.000000] ACPI: INT_SRC_OVR (bus 0 bus_irq 0 global_irq 2 dfl dfl)
[    0.000000] ACPI: INT_SRC_OVR (bus 0 bus_irq 9 global_irq 9 low level)
[    0.000000] Using ACPI (MADT) for SMP configuration information
[    0.000000] smpboot: Allowing 2 CPUs, 0 hotplug CPUs
[    0.000000] PM: Registered nosave memory: [mem 0x00000000-0x00000fff]
[    0.000000] PM: Registered nosave memory: [mem 0x0009f000-0x0009ffff]
[    0.000000] PM: Registered nosave memory: [mem 0x000a0000-0x000effff]
[    0.000000] PM: Registered nosave memory: [mem 0x000f0000-0x000fffff]
[    0.000000] e820: [mem 0x40000000-0xfebfffff] available for PCI devices
[    0.000000] Booting paravirtualized kernel on KVM
[    0.000000] clocksource: refined-jiffies: mask: 0xffffffff max_cycles: 0xffffffff, max_idlns: 7645519600211568 ns
[    0.000000] setup_percpu: NR_CPUS:512 nr_cpumask_bits:512 nr_cpu_ids:2 nr_node_ids:1
[    0.000000] PERCPU: Embedded 34 pages/cpu @ffff88003fc00000 s99608 r8192 d31464 u1048576
[    0.000000] PV qspinlock hash table entries: 256 (order: 0, 4096 bytes)
    0.000000] Built 1 zonelists in Node order, mobility grouping on.  Total pages: 257912
[    0.000000] Piczone: DMA32
[  000000] Knecommand line: BOOT_IMAGE=/boot/vmlinuz-4.4.0-141-generic root=LABEL=cloudimg-rootfs ro console=tty1 console=ttyS0
[    0.000000] PID hash table entries: 4096 (order: 3, 32768 bytes)
[    0.000000] Memory: 997700K/1048120K available (8568K kernel code, 1314K rwdata, 4008K rodata, 1528K init, 1316K bss, 50420K reserved, 0K cma-reserved)
[    0.000000] SLUB: HWalign=64, Order=0-3, MinObjects=0, CPUs=2, Nodes=1
[    0.000000] Kernel/User page tables isolation: enabled
[    0.000000] Hierarchical RCU implementation.
[    0.000000] 	Build-time adjustment of leaf fanout to 64.
[    0.000000] 	RCU restricting CPUs from NR_CPUS=512 to nr_cpu_ids=2.
[    0.000000] RCU: Adjusting geometry for rcu_fanout_leaf=64, nr_cpu_ids=2
[    0.000000] NR_IRQS:33024 nr_irqs:440 16
[    0.000000] Console: colour VGA+ 80x25
[    0.000000] console [tty1] enabled
[    0.000000] console [ttyS0] enabled
[    0.000000] tsc: Detected 2893.426 MHz processor
[    0.505132] Calibrating delay loop (skipped) preset value.. 5786.85 BogoMIPS (lpj=11573704)
[    0.507032]pid_max: default: 32768 minimum: 301
[    0.531746] ACPI: Core revision 20150930
[    0.533548] ACPI: 2 ACPI AML tables successfully acquired and loaded
[    0.535024] Security Framework initialized
[    0.535986] Yama: becoming mindful.
[    0.536816] AppArmor: AppArmor initialized
[    0.537801] Dentry cache hash table entries: 131072 (order: 8, 1048576 bytes)
[    0.539893] Inode-cache hash table entries: 65536 (order: 7, 524288 bytes)
[    0.546761] Mount-cache hash table entries: 2048 (order: 2, 16384 bytes)
[    0.548185] Mountpoint-cache hash table entries: 2048 (order: 2, 16384 bytes)
[    0.549765] Initializing cgroup subsys io
[    0.550674] Initializing cgroup subsys memory
[    0.551676] Initializing cgroup subsys devices
[    0.552694] Initializing cgroup subsys freezer
[    0.553690] Initializing cgroup subsys net_cls
[    0.554727] Initializing cgroup subsys perf_event
[    0.555790] Initializing cgroup subsys net_prio
[    0.556803] Initializing cgroup subsys hugetlb
[    0.563084] Initializing cgroup subsys pids
[    0.564453] mce: CPU supports 0 MCE banks
[    0.565407] Last level iTLB entries: 4KB 512, 2MB 8, 4MB 8
[    0.566592] Last level dTLB entries: 4KB 512, 2MB 32, 4MB 32, 1GB 0
[    0.567929] Spectre V2 : Mitigation: Full generic retpoline
[    0.569122] Spectre V2 : Spectre v2 mitigation: Speculation control IBPB not-supported IBRS not-supported
[    0.570976] Spectre V2 : Spectre v2 / SpectreRSB mitigation: Filling RSB on context switch
[    0.576967] Speculative Store Bypass: Vulnerable
[    0.580503] Freeing SMP alternatives memory: 32K
[    0.591599] ftrace: allocating 32291 entries in 127 pages
[    0.650432] smpboot: APIC(0) Converting physical 0 to logical package 0
[    0.651897] smpboot: Max logical packages: 1
[    0.652918] x2apic enabled
[    0.653689] Switched APIC routing to physical x2apic.
[    0.697381] ..TIMER: vector=0x30 apic1=0 pin1=2 apic2=-1 pin2=-1
[    0.824190] smpboot: CPU0: Intel(R) Core(TM) i7-3520M CPU @ 2.90GHz (family: 0x6, model: 0x3a, stepping: 0x9)
[    0.831783] Performance Events: unsupported p6 CPU model 58 no PMU driver, software events only.
[    0.833875] KVM setup paravirtual spinlock
[    0.835478] x86: Booting SMP configuration:
[    0.836463] .... node  #0, CPUs:      #1
[    0.837490] kvm-clock: cpu 1, msr 0:3ffe3041, secondary cpu clock
[    0.838832] mce: CPU supports 0 MCE banks
[    0.841500] x86: Booted up 1 node, 2 CPUs
[    0.842706] smpboot: Total of 2 processors activated (11573.70 BogoMIPS)
[    0.844454] devtmpfs: initialized
[    0.846720] evm: security.selinux
[    0.847533] evm: security.SMACK64
[    0.848373] evm: security.SMACK64EXEC
[    0.849236] evm: security.SMACK64TRANSMUTE
[    0.850172] evm: security.SMACK64MMAP
[    0.851034] evm: security.ima
[    0.852482] evm: security.capability
[    0.854409] clocksource: jiffies: mask: 0xffffffff max_cycles: 0xffffffff, max_idle_ns: 7645041785100000 ns
[    0.856832] futex hash table entries: 512 (order: 3, 32768 bytes)
[    0.863521] pinctrl core: initialized pinctrl subsystem
[    0.864813] RTC time:  4:35:33, date: 01/15/19
[    0.865977] NET: Registered protocol family 16
[    0.875854] cpuidle: using governor ladder
[    0.888092] cpuidle: using governor menu
[    0.895300] PCCT header not found.
[    0.901672] ACPI: bus type PCI registered
[    0.902596] acpiphp: ACPI Hot Plug PCI Controller Driver version: 0.5
[    0.904041] PCI: Using configuration type 1 for base access
[    0.917578] ACPI: Added _OSI(Module Device)
[    0.946002] ACPI: Added _OSI(Processor Device)
[    0.946998] ACPI: Added _OSI(3.0 _SCP Extensions)
[    0.948037] ACPI: Added _OSI(Processor Aggregator Device)
[    0.949879] ACPI: Executed 1 blocks of module-level executable AML code
[    0.953175] ACPI: Interpreter enabled
[    0.956853] ACPI: (supports S0 S5)
[    0.957669] ACPI: Using IOAPIC for interrupt routing
[    0.958915] PCI: Using host bridge windows from ACPI; if necessary, use "pci=nocrs" and report a bug
[    0.964196] ACPI: PCI Root Bridge [PCI0] (domain 0000 [bus 00-ff])
[    0.965501] acpi PNP0A03:00: _OSC: OS supports [ASPM ClockPM Segments MSI]
[    0.966926] acpi PNP0A03:00: _OSC: not requesting OS control; OS requires [ExtendedConfig ASPM ClockPM MSI]
[    0.969017] acpi PNP0A03:00: fail to add MMCONFIG information, can't access extended PCI configuration space under this bridge.
[    0.971656] PCI host bridge to bus 0000:00
[    0.972619] pci_bus 0000:00: root bus resource [io  0x0000-0x0cf7 window]
[    0.974015] pci_bus 0000:00: root bus resource [io  0x0d00-0xffff window]
[    0.981967] pci_bus 0000:00: root bus resource [mem 0x000a0000-0x000bffff window]
[    0.983942] pci_bus 0000:00: root bus resource [mem 0x40000000-0xfdffffff window]
[    0.985983] pci_bus 0000:00: root bus resource [bus 00-ff]
[    0.989563] pci 0000:00:01.1: legacy IDE quirk: reg 0x10: [io  0x01f0-0x01f7]
[    0.993904] pci 0000:00:01.1: legacy IDE quirk: reg 0x14: [io  0x03f6]
[    1.007100] pci 0000:00:01.1: legacy IDE quirk: reg 0x18: [io  0x0170-0x0177]
[    1.008683] pci 0000:00:01.1: legacy IDE quirk: reg 0x1c: [io  0x0376]
[    1.048308] pci 0000:00:07.0: quirk: [io  0x4000-0x403f] claimed by PIIX4 ACPI
[    1.051434] pci 0000:00:07.0: quirk: [io  0x4100-0x410f] claimed by PIIX4 SMB
[    1.062093] ACPI: PCI Interrupt Link [LNKA] (IRQs 5 9 10 *11)
[    1.065776] ACPI: PCI Interrupt Link [LNKB] (IRQs 5 9 *10 11)
[    1.067691] ACPI: PCI Interrupt Link [LNKC] (IRQs 5 *9 10 11)
[    1.071171] ACPI: PCI Interrupt Link [LNKD] (IRQs 5 9 10 *11)
[    1.095409] ACPI: Enabled 2 GPEs in block 00 to 07
[    1.104184] vgaarb: setting as boot device: PCI:0000:00:02.0
[    1.114357] vgaarb: device added: PCI:0000:00:02.0,decodes=io+mem,owns=io+mem,locks=none
[    1.116177] vgaarb: loaded
[    1.116873] vgaarb: bridge control possible 0000:00:02.0
[    1.118254] SCSI subsystem initialized
[    1.119257] ACPI: bus type USB registered
[    1.120222] usbcore: registered new interface driver usbfs
[    1.121396] usbcore: registered new interface driver hub
[    1.122562] usbcore: registered new device driver usb
[    1.124306] PCI: Using ACPI for IRQ routing
[    1.125537] NetLabel: Initializing
[    1.126350] NetLabel:  domain hash size = 128
[    1.127319] NetLabel:  protocols = UNLABELED CIPSOv4
[    1.133668] NetLabel:  unlabeled traffic allowed by default
[    1.134982] amd_nb: Cannot enumerate AMD northbridges
[    1.136133] clocksource: Switched to clocksource kvm-clock
[    1.143721] AppArmor: AppArmor Filesystem Enabled
[    1.150490] pnp: PnP ACPI init
[    1.151867] pnp: PnP ACPI: found 3 devices
[  1.3148] clocksoce: acpi_pm: mask: 0xffffff max_cycles: 0xffffff, max_idle_ns: 2085701024 ns
[    1.307449] NET: Registered protocol family 2

[    1.308606] TCP established hash table entries: 8192 (order: 4, 65536 bytes)
[    1.310063] TCP bind hash table entries: 8192 (order: 5, 131072 bytes)
[    1.316727] TCP: Hash tables configured (established 8192 bind 8192)
[    1.318043] UDP hash table entries: 512 (order: 2, 16384 bytes)
[    1.319264] UDP-Lite hash table entries: 512 (order: 2, 16384 bytes)
[    1.321755] NET: Registereprotocol family 1
[    1.368740] pci 0000:00:00.0: Limiting direct PCI/PCI transfers
[    1.370003] pci 0000:00:01.0: Activating ISA DMA hang workarounds
[    1.371405] Unpacking initramfs...

[    1.556176] Freeing initrd memory: 14804K
[    1.575745] RAPL PMU detected, API unit is 2^-32 Joules, 3 fixed counters 10737418240 ms ovfl timer
[    1.577283] hw unit of domain pp0-core 2^-0 Joules
[    1.578103] hw unit of domain package 2^-0 Joules
[    1.578946] hw unit of domain pp1-gpu 2^-0 Joules
[    1.579866] platform rtc_cmos: registered platform RTC device (no PNP device found)
[    1.581309] Scanning for low memory corruption every 60 seconds
[    1.586051] audit: initializing netlink subsys (disabled)
[    1.586975] audit: type=2000 audit(1547526937.696:1): initialized
[    1.588223] Initialise system trusted keyring
[    1.589251] HugeTLB registered 2 MB page size, pre-allocated 0 pages
[    1.591500] zbud: loaded
[    1.592394] VFS: Disk quotas dquot_6.6.0
[    1.593143] VFS: Dquot-cache hash table entries: 512 (order 0, 4096 bytes)
[    1.594435] squashfs: version 4.0 (2009/01/31) Phillip Lougher
[    1.595830] fuse init (API version 7.23)
[    1.596719] Key type big_key registered
[    1.597437] Allocating IMA MOK and blacklist keyrings.
[    1.599530] Key type asymmetric registered
[    1.615757] Asymmetric key parser 'x509' registered
[    1.616663] Block layer SCSI generic (bsg) driver version 0.4 loaded (major 249)
[    1.618054] io scheduler noop registered
[    1.618783] io scheduler deadline registered (default)
[    1.619682] io scheduler cfq registered
[    1.620479] pci_hotplug: PCI Hot Plug PCI Core version: 0.5
[    1.621458] pciehp: PCI Express Hot Plug Controller Driver version: 0.4
[    1.666219] ACPI: AC Adapter [AC] (on-line)
[    1.667021] input: Power Button as /devices/LNXSYSTM:00/LNXPWRBN:00/input/input0
[    1.668353] ACPI: Power Button [PWRF]
[    1.669141] input: Sleep Button as /devices/LNXSYSTM:00/LNXSLPBN:00/input/input1
[    1.670456] ACPI: Sleep Button [SLPF]
[    1.671916] ACPI: Battery Slot [BAT0] (battery present)
[    1.672911] GHES: HEST is not enabled!
[    1.695703] Serial: 8250/16550 driver, 32 ports, IRQ sharing enabled
[    1.737929] 00:02: ttyS0 at I/O 0x3f8 (irq = 4, base_baud = 115200) is a 16550A
[    1.744631] Linux agpgart interface v0.103
[    1.747326] loop: module loaded
[    1.748803] scsi host0: ata_piix
[    1.749799] scsi host1: ata_piix
[    1.750775] ata1: PATA max UDMA/33 cmd 0x1f0 ctl 0x3f6 bmdma 0xd000 irq 14
[    1.765578] ata2: PATA max UDMA/33 cmd 0x170 ctl 0x376 bmdma 0xd008 irq 15
[    1.767273] libphy: Fixed MDIO Bus: probed
[    1.768508] tun: Universal TUN/TAP device driver, 1.6
[    1.769620] tun: (C) 1999-2004 Max Krasnyansky <maxk@qualcomm.com>
[    1.770973] PPP generic driver version 2.4.2
[    1.772017] ehci_hcd: USB 2.0 'Enhanced' Host Controller (EHCI) Driver
[    1.773411] ehci-pci: EHCI PCI platform driver
[    1.774414] ehci-platform: EHCI generic platform driver
[    1.775481] ohci_hcd: USB 1.1 'Open' Host Controller (OHCI) Driver
[    1.815812] ohci-pci: OHCI PCI platform driver
[    1.816872] ohci-platform: OHCI generic platform driver
[    1.818021] uhci_hcd: USB Universal Host Controller Interface driver
[    1.819440] i8042: PNP: PS/2 Controller [PNP0303:PS2K,PNP0f03:PS2M] at 0x60,0x64 irq 1,12
[    1.821801] serio: i8042 KBD port at 0x60,0x64 irq 1
[    1.822910] serio: i8042 AUX port at 0x60,0x64 irq 12
[    1.824154] mousedev: PS/2 mouse device common for all mice
[    1.825830] input: AT Translated Set 2 keyboard as /devices/platform/i8042/serio0/input/input2
[    1.827920] rtc_cmos rtc_cmos: rtc core: registered rtc_cmos as rtc0
[    1.829355] rtc_cmos rtc_cmos: alarms up to one day, 114 bytes nvram
[    1.830688] i2c /dev entries driver
[    1.831593] device-mapper: uevent: version 1.0.3
[    1.832714] device-mapper: ioctl: 4.34.0-ioctl (2015-10-28) initialised: dm-devel@redhat.com
[    1.834604] ledtrig-cpu: registered to indicate activity on CPUs
[    1.836346] NET: Registered protocol family 10
[    1.837540] NET: Registered protocol family 17
[    1.838568] Key type dns_resolver registered
[    1.839781] registered taskstats version 1
[    1.840772] Loading compiled-in X.509 certificates
[    1.842462] Loaded X.509 cert 'Build time autogenerated kernel key: 7c9fb337b82e5a343493fe891c556beae1895c7c'
[    1.844617] zswap: loaded using pool lzo/zbud
[    1.847369] Key type trusted registered
[    1.851244] Key type encrypted registered
[    1.852193] AppArmor: AppArmor sha1 policy hashing enabled
[    1.853416] ima: No TPM chip found, activating TPM-bypass!
[    1.854605] ima: Allocated hash algorithm: sha1
[    1.855655] evm: HMAC attrs: 0x1
[    1.856769]   Magic number: 3:546:565
[    1.857815] rtc_cmos rtc_cmos: setting system clock to 2019-01-15 04:35:34 UTC (1547526934)
[    1.859968] BIOS EDD facility v0.16 2004-Jun-25, 0 devices found
[    1.861416] EDD information not available.
[    1.925392] Freeing unused kernel memory: 1528K
[    1.935851] Write protecting the kernel read-only data: 14336k
[    1.937479] Freeing unused kernel memory: 1660K
[    1.945859] Freeing unused kernel memory: 88K
Loading, please wait...
starting version[    1.965463] random: systemd-udevd: uninitialized urandom read (16 bytes read, 2 bits of entropy available)
 229
[    1.966116] random: udevadm: uninitialized urandom read (16 bytes read, 2 bits of entropy available)
[    1.966136] random: udevadm: uninitialized urandom read (16 bytes read, 2 bits of entropy available)
[    1.975408] random: udevadm: uninitialized urandom read (16 bytes read, 2 bits of entropy available)
[    1.975474] random: udevadm: uninitialized urandom read (16 bytes read, 2 bits of entropy available)
[    1.975712] random: udevadm: uninitialized urandom read (16 bytes read, 2 bits of entropy available)
[    1.975810] random: udevadm: uninitialized urandom read (16 bytes read, 2 bits of entropy available)
[    1.975904] random: udevadm: uninitialized urandom read (16 bytes read, 2 bits of entropy available)
[    1.975998] random: udevadm: uninitialized urandom read (16 bytes read, 2 bits of entropy available)
[    1.976096] random: udevadm: uninitialized urandom read (16 bytes read, 2 bits of entropy available)
[    2.027061] e1000: Intel(R) PRO/1000 Network Driver - version 7.3.21-k8-NAPI
[    2.057862] e1000: Copyright (c) 1999-2006 Intel Corporation.
[    2.063285] Fusion MPT base driver 3.04.20
[    2.064374] Copyright (c) 1999-2008 LSI Corporation
[    2.088166] AVX version of gcm_enc/dec engaged.
[    2.090868] AES CTR mode by8 optimization enabled
[    2.117287] Fusion MPT SPI Host driver 3.04.20
[    2.289947] input: ImExPS/2 Generic Explorer Mouse as /devices/platform/i8042/serio1/input/input4
[    2.576310] tsc: Refined TSC clocksource calibration: 2894.512 MHz
[    2.594020] clocksource: tsc: mask: 0xffffffffffffffff max_cycles: 0x29b902c5221, max_idle_ns: 440795319136 ns
[    2.604732] e1000 0000:00:03.0 eth0: (PCI:33MHz:32-bit) 02:6c:72:8e:02:ff
[    2.604739] e1000 0000:00:03.0 eth0: Intel(R) PRO/1000 Network Connection
[    2.608035] e1000 0000:00:03.0 enp0s3: renamed from eth0
[    2.608843] mptbase: ioc0: Initiating bringup
[    2.765524] ioc0: LSI53C1030 A0: Capabilities={Initiator}
[    3.158253] scsi host2: ioc0: LSI53C1030 A0, FwRev=00000000h, Ports=1, MaxQ=256, IRQ=20
[    3.553255] scsi 2:0:0:0: Direct-Access     VBOX     HARDDISK         1.0  PQ: 0 ANSI: 5
[    3.558045] scsi target2:0:0: Beginning Domain Validation
[    3.562781] scsi target2:0:0: Domain Validation skipping write tests
[    3.565002] scsi target2:0:0: Ending Domain Validation
[    3.566747] scsi target2:0:0: asynchronous
[    3.576734] scsi 2:0:1:0: Direct-Access     VBOX     HARDDISK         1.0  PQ: 0 ANSI: 5
[    3.636004] scsi target2:0:1: Beginning Domain Validation
[    3.640857] scsi target2:0:1: Domain Validation skipping write tests
[    3.641900] scsi target2:0:1: Ending Domain Validation
[    3.642809] scsi target2:0:1: asynchronous
[    3.648687] sd 2:0:0:0: [sda] 20971520 512-byte logical blocks: (10.7 GB/10.0 GiB)
[    3.650909] sd 2:0:0:0: [sda] Write Protect is off
[    3.657448] sd 2:0:0:0: Attached scsi generic sg0 type 0
[    3.658894] sd 2:0:1:0: [sdb] 20480 512-byte logical blocks: (10.5 MB/10.0 MiB)
[    3.661682] sd 2:0:0:0: [sda] Incomplete mode parameter data
[    3.661894] sd 2:0:1:0: [sdb] Write Protect is off
[    3.662014] sd 2:0:1:0: [sdb] Incomplete mode parameter data
[    3.662015] sd 2:0:1:0: [sdb] Assuming drive cache: write through
[    3.664729] sd 2:0:1:0: Attached scsi generic sg1 type 0
[    3.670464] sd 2:0:1:0: [sdb] Attached SCSI disk
[    3.677511] sd 2:0:0:0: [sda] Assuming drive cache: write through
[    3.681878]  sda: sda1
[    3.683337] sd 2:0:0:0: [sda] Attached SCSI disk
Begin: Loading e[    5.014670] md: linear personality registered for level -1
ssential drivers ... [    5.021578] md: multipath personality registered for level -4
[    5.026975] md: raid0 personality registered for level 0
[    5.033554] md: raid1 personality registered for level 1
[    5.104161] raid6: sse2x1   gen()  9439 MB/s
[    5.180162] raid6: sse2x1   xor()  7297 MB/s
[    5.248164] raid6: sse2x2   gen() 11601 MB/s
[    5.316162] raid6: sse2x2   xor()  8275 MB/s
[    5.384165] raid6: sse2x4   gen() 13364 MB/s
[    5.452197] raid6: sse2x4   xor()  7193 MB/s
[    5.453313] raid6: using algorithm sse2x4 gen() 13364 MB/s
[    5.454487] raid6: .... xor() 7193 MB/s, rmw enabled
[    5.455588] raid6: using ssse3x2 recovery algorithm
[    5.458034] xor: automatically using best checksumming function:
[    5.509327]    avx       : 33935.000 MB/sec
[    5.513251] async_tx: api initialized (async)
[    5.529856] md: raid6 personality registered for level 6
[    5.531103] md: raid5 personality registered for level 5
[    5.532315] md: raid4 personality registered for level 4
[    5.548535] md: raid10 personality registered for level 10
done.
Begin: Running /scripts/init-premount ... done.
Begin: Mounting root file system[    5.593199] Btrfs loaded
 ... Begin: Running /scripts/local-top ... done.
Begin: Running /scripts/local-premount ... Scanning for Btrfs filesystems
done.
Warning: fsck not present, so skipping root file system
[    5.643871] EXT4-fs (sda1): mounted filesystem with ordered data mode. Opts: (null)
done.
Begin: Running /scripts/local-bottom ... done.
Begin: Running /scripts/init-bottom ... done.
[    5.778221] systemd[1]: systemd 229 running in system mode. (+PAM +AUDIT +SELINUX +IMA +APPARMOR +SMACK +SYSVINIT +UTMP +LIBCRYPTSETUP +GCRYPT +GNUTLS +ACL +XZ -LZ4 +SECCOMP +BLKID +ELFUTILS +KMOD -IDN)
[    5.847682] systemd[1]: Detected virtualization oracle.
[    5.885521] systemd[1]: Detected architecture x86-64.

Welcome to [1mUbuntu 16.04.5 LTS[0m!

[    5.948474] systemd[1]: Set hostname to <ubuntu>.
[    5.953354] systemd[1]: Initializing machine ID from random generator.
[    5.955851] systemd[1]: Installed transient /etc/machine-id file.
[    6.101337] systemd[1]: Reached target System Time Synchronized.
[[0;32m  OK  [0m] Reached target System Time Synchronized.
[    6.106095] systemd[1]: Listening on Journal Socket.
[[0;32m  OK  [0m] Listening on Journal Socket.
[    6.109054] systemd[1]: Started Forward Password Requests to Wall Directory Watch.
[[0;32m  OK  [0m] Started Forward Password Requests to Wall Directory Watch.
[    6.112639] systemd[1]: Listening on udev Kernel Socket.
[[0;32m  OK  [0m] Listening on udev Kernel Socket.
[    6.114949] systemd[1]: Listening on Device-mapper event daemon FIFOs.
[[0;32m  OK  [0m] Listening on Device-mapper event daemon FIFOs.
[    6.117599] systemd[1]: Reached target Swap.
[[0;32m  OK  [0m] Reached target Swap.
[    6.120054] systemd[1]: Created slice User and Session Slice.
[[0;32m  OK  [0m] Created slice User and Session Slice.
[    6.122806] systemd[1]: Listening on udev Control Socket.
[[0;32m  OK  [0m] Listening on udev Control Socket.
[    6.125629] systemd[1]: Set up automount Arbitrary Executable File Formats File System Automount Point.
[[0;32m  OK  [0m] Set up automount Arbitrary Executab...ats File System Automount Point.
[    6.129894] systemd[1]: Listening on Journal Socket (/dev/log).
[[0;32m  OK  [0m] Listening on Journal Socket (/dev/log).
[    6.132620] systemd[1]: Reached target User and Group Name Lookups.
[[0;32m  OK  [0m] Reached target User and Group Name Lookups.
[    6.135492] systemd[1]: Listening on LVM2 poll daemon socket.
[[0;32m  OK  [0m] Listening on LVM2 poll daemon socket.
[    6.138236] systemd[1]: Started Trigger resolvconf update for networkd DNS.
[[0;32m  OK  [0m] Started Trigger resolvconf update for networkd DNS.
[    6.141364] systemd[1]: Reached target Encrypted Volumes.
[[0;32m  OK  [0m] Reached target Encrypted Volumes.
[    6.143831] systemd[1]: Listening on Journal Audit Socket.
[[0;32m  OK  [0m] Listening on Journal Audit Socket.
[    6.146340] systemd[1]: Listening on /dev/initctl Compatibility Named Pipe.
[[0;32m  OK  [0m] Listening on /dev/initctl Compatibility Named Pipe.
[    6.150458] systemd[1]: Listening on LVM2 metadata daemon socket.
[[0;32m  OK  [0m] Listening on LVM2 metadata daemon socket.
[    6.168147] systemd[1]: Created slice System Slice.
[[0;32m  OK  [0m] Created slice System Slice.
[    6.212420] systemd[1]: Starting Nameserver information manager...
         Starting Nameserver information manager...
[    6.245065] systemd[1]: Created slice system-serial\x2dgetty.slice.
[[0;32m  OK  [0m] Created slice system-serial\x2dgetty.slice.
[    6.277814] systemd[1]: Reached target Slices.
[[0;32m  OK  [0m] Reached target Slices.
[    6.280750] systemd[1]: Mounting Huge Pages File System...
         Mounting Huge Pages File System...
[    6.284941] systemd[1]: Starting Load Kernel Modules...
[    6.295648] Loading iSCSI transport class v2.0-870.
         Starting Load Kernel Modules...
[    6.298372] systemd[1]: Mounting Debug File System...
         Mounting Debug File System...
[    6.301636] systemd[1]: Mounting POSIX Message Queue File System...
         Mounting POSIX Message Queue File System...
[    6.317545] systemd[1]: Starting Set console keymap...
         Starting Set console keymap...
[    6.329557] iscsi: registered transport (tcp)
[    6.329864] systemd[1]: Starting Remount Root and Kernel File Systems...
         Starting Remount Root and Kernel File Systems...
[    6.344706] systemd[1]: Starting Create list of required static device nodes for the current kernel...
[    6.345179] EXT4-fs (sda1): re-mounted. Opts: (null)
         Starting Create list of required st... nodes for the current kernel...
[    6.384587] systemd[1]: Starting Uncomplicated firewall...
         Starting Uncomplicated firewall...
[    6.421714] systemd[1]: Listening on Syslog Socket.
[[0;32m  OK  [0m] Listening on Syslog Socket.
[    6.425342] systemd[1]: Starting Journal Service...
         Starting Journal Service...
[    6.427757] iscsi: registered transport (iser)

[    6.428822] systemd[1]: Starting Monitoring of LVM2 mirrors, snapshots etc. using dmeventd or progress polling...
         Starting Monitoring of LVM2 mirrors... dmeventd or progress polling...
[    6.494551] systemd[1]: Mounted Huge Pages File System.
[[0;32m  OK  [0m] Mounted Huge Pages File System.
[    6.497472] systemd[1]: Mounted POSIX Message Queue File System.
[[0;32m  OK  [0m] Mounted POSIX Message Queue File System.
[    6.506830] systemd[1]: Mounted Debug File System.
[[0;32m  OK  [0m] Mounted Debug File System.
[    6.509889] systemd[1]: Started Journal Service.
[[0;32m  OK  [0m] Started Journal Service.
[[0;32m  OK  [0m] Started Load Kernel Modules.
[[0;32m  OK  [0m] Started Set console keymap.
[[0;32m  OK  [0m] Started Remount Root and Kernel File Systems.
[[0;32m  OK  [0m] Started Create list of required sta...ce nodes for the current kernel.
[[0;32m  OK  [0m] Started Uncomplicated firewall.
[[0;32m  OK  [0m] Started Nameserver information manager.
[[0;32m  OK  [0m] Started LVM2 metadata daemon.
         Starting Create Static Device Nodes in /dev...
         Starting Load/Save Random Seed...
         Starting udev Coldplug all Devices...
         Mounting FUSE Control File System...
         Starting Apply Kernel Variables...
         Starting Flush Journal to Persistent Storage...
[[0;32m  OK  [0m] Mounted FUSE Control File System.
[[0;32m  OK  [0m] Started Create Static Device Nodes in /dev.
[[0;32m  OK  [0m] Started Load/Save Random Seed.
[[0;32m  OK  [0m] Started Apply Kernel Variables.
[[0;32m  OK  [0m] Started udev Coldplug all Devices.
[[0;32m  OK  [0m] Started Flush Journal to Persistent Storage.
         Starting udev Kernel Device Manager...
[[0;32m  OK  [0m] Started udev Kernel Device Manager.
[[0;32m  OK  [0m] Started Dispatch Password Requests to Console Directory Watch.
[[0;32m  OK  [0m] Found device /dev/ttyS0.
[[0;32m  OK  [0m] Started Monitoring of LVM2 mirrors,...ng dmeventd or progress polling.
[[0;32m  OK  [0m] Reached target Local File Systems (Pre).
[[0;32m  OK  [0m] Reached target Local File Systems.
         Starting Create Volatile Files and Directories...
         Starting Commit a transient machine-id on disk...
         Starting Initial cloud-init job (pre-networking)...
         Starting LSB: AppArmor initialization...
         Starting Set console font and keymap...
         Starting Tell Plymouth To Write Out Runtime Data...
[[0;32m  OK  [0m] Started Create Volatile Files and Directories.
[[0;32m  OK  [0m] Started Commit a transient machine-id on disk.
[[0;32m  OK  [0m] Started Tell Plymouth To Write Out Runtime Data.
[[0;32m  OK  [0m] Listening on Load/Save RF Kill Switch Status /dev/rfkill Watch.
         Starting Update UTMP about System Boot/Shutdown...
[[0;32m  OK  [0m] Started Update UTMP about System Boot/Shutdown.
[[0;32m  OK  [0m] Started Set console font and keymap.
[[0;32m  OK  [0m] Created slice system-getty.slice.
[    8.395387] cloud-init[587]: Cloud-init v. 18.4-0ubuntu1~16.04.2 running 'init-local' at Tue, 15 Jan 2019 04:35:41 +0000. Up 7.80 seconds.
[[0;32m  OK  [0m] Started Initial cloud-init job (pre-networking).
[[0;32m  OK  [0m] Reached target Network (Pre).
[[0;32m  OK  [0m] Started LSB: AppArmor initialization.
         Starting Raise network interfaces...
[[0;32m  OK  [0m] Started Raise network interfaces.
         Starting Initial cloud-init job (metadata service crawler)...
[[0;32m  OK  [0m] Reached target Network.
[    9.898520] cloud-init[930]: Cloud-init v. 18.4-0ubuntu1~16.04.2 running 'init' at Tue, 15 Jan 2019 04:35:42 +0000. Up 9.08 seconds.
[    9.936775] cloud-init[930]: ci-info: +++++++++++++++++++++++++++++++++++++Net device info++++++++++++++++++++++++++++++++++++++
[    9.942586] cloud-init[930]: ci-info: +--------+------+---------------------------+---------------+--------+-------------------+
[    9.945872] cloud-init[930]: ci-info: | Device |  Up  |          Address          |      Mask     | Scope  |     Hw-Address    |
[    9.972866] cloud-init[930]: ci-info: +--------+------+---------------------------+---------------+--------+-------------------+
[    9.999375] cloud-init[930]: ci-info: | enp0s3 | True |         10.0.2.15         | 255.255.255.0 | global | 02:6c:72:8e:02:ff |
[    9.999975] cloud-init[930]: ci-info: | enp0s3 | True | fe80::6c:72ff:fe8e:2ff/64 |       .       |  link  | 02:6c:72:8e:02:ff |
[[0;32m  OK  [0m] Started Initial cloud-init job (metadata service crawler).
[   10.002432] cloud-init[930]: ci-info: |   lo   | True |         127.0.0.1         |   255.0.0.0   |  host  |         .         |
[   10.131532] cloud-init[930]: ci-info: |   lo   | True |          ::1/128          |       .       |  host  |         .         |
[   10.134783] cloud-init[930]: ci-info: +--------+------+---------------------------+---------------+--------+-------------------+
[   10.137069] cloud-init[930]: ci-info: +++++++++++++++++++++++++++Route IPv4 info++++++++++++++++++++++++++++
[   10.137370] cloud-init[930]: ci-info: +-------+-------------+----------+---------------+-----------+-------+
[   10.137584] cloud-init[930]: ci-info: | Route | Destination | Gateway  |    Genmask    | Interface | Flags |
[[0;32m  OK  [0m] Reached target System Initialization.
[   10.137809] cloud-init[930]: ci-info: +-------+-------------+----------+---------------+-----------+-------+
[   10.209999] cloud-init[930]: ci-info: |   0   |   0.0.0.0   | 10.0.2.2 |    0.0.0.0    |   enp0s3  |   UG  |
[   10.210313] cloud-init[930]: ci-info: |   1   |   10.0.2.0  | 0.0.0.0  | 255.255.255.0 |   enp0s3  |   U   |
[   10.210693] cloud-init[930]: ci-info: +-------+-------------+----------+---------------+-----------+-------+
[   10.211043] cloud-init[930]: ci-info: +++++++++++++++++++Route IPv6 info+++++++++++++++++++
[[0;32m  OK  [0m] Listening on UUID daemon activation socket.
         [   10.211848] cloud-init[930]: ci-info: +-------+-------------+---------+-----------+-------+
[   10.280554] cloud-init[930]: ci-info: | Route | Destination | Gateway | Interface | Flags |
[   10.280699] cloud-init[930]: ci-info: +-------+-------------+---------+-----------+-------+
[   10.280898] cloud-init[930]: ci-info: |   0   |  fe80::/64  |    ::   |   enp0s3  |   U   |
[   10.281097] cloud-init[930]: ci-info: |   3   |   ff00::/8  |    ::   |   enp0s3  |   U   |
[   10.281309] cloud-init[930]: ci-info: +-------+-------------+---------+-----------+-------+
[   10.281519] cloud-init[930]: Generating public/private rsa key pair.
Starting Socket activation for snappy daemon.
[[   10.281745] cloud-init[930]: Your identification has been saved in /etc/ssh/ssh_host_rsa_key.
[   10.375384] cloud-init[930]: Your public key has been saved in /etc/ssh/ssh_host_rsa_key.pub.
[   10.375869] cloud-init[930]: The key fingerprint is:
[   10.376404] cloud-init[930]: SHA256:N1lkxrxljhi0YDac4O4yMPXV9Qmk3XZIxapSdS7zgSk root@ubuntu-xenial
[   10.376937] cloud-init[930]: The key's randomart image is:
[   10.377193] cloud-init[930]: +---[RSA 2048]----+
[   10.377456] cloud-init[930]: |      .o=o.+B .o.|
[   10.377723] cloud-init[930]: |     . oo+.Oo=+oo|
[   10.377986] cloud-init[930]: |    . . . +ooBO+.|
[   10.378249] cloud-init[930]: |   . o .  .E++=o.|
[   10.378520] cloud-init[930]: |  o   o S +... +.|
[   10.378772] cloud-init[930]: |   o .   ....   .|
[   10.379040] cloud-init[930]: |    o .    .     |
[   10.379866] cloud-init[930]: |     o           |
[0;32m  OK  [0m] Listening on D-Bus System Message Bus Socket.
[   10.381036] cloud-init[930]: |                 |
[   10.485074] cloud-init[930]: +----[SHA256]-----+
[   10.485200] cloud-init[930]: Generating public/private dsa key pair.
[   10.485397] cloud-init[930]: Your identification has been saved in /etc/ssh/ssh_host_dsa_key.
[   10.485588] cloud-init[930]: Your public key has been saved in /etc/ssh/ssh_host_dsa_key.pub.
[   10.485761] cloud-init[930]: The key fingerprint is:
[   10.485942] cloud-init[930]: SHA256:25Nhhj6bir8z2G8gCGj9/ijHYUHrgpzT5gIdkocZgqw root@ubuntu-xenial
[   10.486127] cloud-init[930]: The key's randomart image is:
[   10.486308] cloud-init[930]: +---[DSA 1024]----+
[   10.486493] cloud-init[930]: |o                |
[   10.486674] cloud-init[930]: |+.   .           |
[   10.486857] cloud-init[930]: |+=. . .          |
[   10.487039] cloud-init[930]: |E.o. o   .       |
[   10.487236] cloud-init[930]: |o=+oo . S +      |
[   10.487423] cloud-init[930]: |.=o+.=.. = o     |
[   10.487600] cloud-init[930]: |. + =+..+ +      |
[   10.487780] cloud-init[930]: | . o.== .+ .     |
[[0;32m  OK  [0m] Started Daily Cleanup of Temporary Directories.
[   10.487980] cloud-init[930]: |  . +o=O+        |
[   10.500216] cloud-init[930]: +----[SHA256]-----+
[   10.500537] cloud-init[930]: Generating public/private ecdsa key pair.
[   10.500720] cloud-init[930]: Your identification has been saved in /etc/ssh/ssh_host_ecdsa_key.
[   10.500908] cloud-init[930]: Your public key has been saved in /etc/ssh/ssh_host_ecdsa_key.pub.
[   10.501091] cloud-init[930]: The key fingerprint is:
[   10.501267] cloud-init[930]: SHA256:i+bOXzs88wcm08PeOD0nd7guPCIyPviU1PJP9B/xrFU root@ubuntu-xenial
[   10.501451] cloud-init[930]: The key's randomart image is:
[   10.501633] cloud-init[930]: +---[ECDSA 256]---+
[   10.501817] cloud-init[930]: |                 |
[   10.502000] cloud-init[930]: |                 |
[   10.502180] cloud-init[930]: |                 |
[   10.502362] cloud-init[930]: |       .         |
[   10.502548] cloud-init[930]: |      o S .o  . E|
[   10.502759] cloud-init[930]: |     . = oo.*  +.|
[   10.502919] cloud-init[930]: |     .= o.o*.*..+|
[   10.503103] cloud-init[930]: |    .=+ .+*.B.B++|
[   10.503470] cloud-init[930]: |     +*=..o*.*=*.|
[   10.503652] cloud-init[930]: +----[SHA256]-----+
[   10.503832] cloud-init[930]: Generating public/private ed25519 key pair.
[[0;32m  OK  [0m] Started Daily apt download activities.
[[   10.504083] cloud-init[930]: Your identification has been saved in /etc/ssh/ssh_host_ed25519_key.
[   10.520702] cloud-init[930]: Your public key has been saved in /etc/ssh/ssh_host_ed25519_key.pub.
[   10.520844] cloud-init[930]: The key fingerprint is:
[   10.521032] cloud-init[930]: SHA256:EavE/yNA0+0xrLklIIniQawsxAylzIBevahFd83OA5o root@ubuntu-xenial
[   10.521221] cloud-init[930]: The key's randomart image is:
[   10.521407] cloud-init[930]: +--[ED25519 256]--+
[   10.521596] cloud-init[930]: |Oo. .   +        |
[   10.521784] cloud-init[930]: |** + = + B       |
[   10.521975] cloud-init[930]: |B++ = @ B =      |
[   10.522170] cloud-init[930]: |++.o E = O o     |
[   10.522347] cloud-init[930]: |..o   o S +      |
[   10.522536] cloud-init[930]: | .     . =       |
[   10.522721] cloud-init[930]: |        o o      |
[   10.522931] cloud-init[930]: |         . .     |
[   10.523120] cloud-init[930]: |                 |
[   10.523487] cloud-init[930]: +----[SHA256]-----+
[0;32m  OK  [0m] Started Daily apt upgrade and clean activities.
[[0;32m  OK  [0m] Listening on ACPID Listen Socket.
[[0;32m  OK  [0m] Reached target Timers.
[[0;32m  OK  [0m] Started ACPI Events Check.
[[0;32m  OK  [0m] Reached target Paths.
         Starting LXD - unix socket.
[[0;32m  OK  [0m] Reached target Network is Online.
         Starting iSCSI initiator daemon (iscsid)...
[[0;32m  OK  [0m] Reached target Cloud-config availability.
[[0;32m  OK  [0m] Listening on Socket activation for snappy daemon.
[[0;32m  OK  [0m] Listening on LXD - unix socket.
[[0;32m  OK  [0m] Started iSCSI initiator daemon (iscsid).
         Starting Login to default iSCSI targets...
[[0;32m  OK  [0m] Reached target Sockets.
[[0;32m  OK  [0m] Reached target Basic System.
         Starting /etc/rc.local Compatibility...
         Starting Login Service...
         Starting Virtualbox guest utils...
         Starting LSB: Record successful boot for GRUB...
         Starting LSB: MD monitoring daemon...
         Starting LXD - container startup/shutdown...
[[0;32m  OK  [0m] Started ACPI event daemon.
[[0;32m  OK  [0m] Started Unattended Upgrades Shutdown.
[[0;32m  OK  [0m] Started FUSE filesystem for LXC.
[[0;32m  OK  [0m] Started Deferred execution scheduler.
[[0;32m  OK  [0m] Started D-Bus System Message Bus.
         Starting Accounts Service...
[[0;32m  OK  [0m] Started Regular background program processing daemon.
         Starting Snappy daemon...
         Starting Pollinate to seed the pseudo random number generator...
         Starting System Logging Service...
[[0;32m  OK  [0m] Started /etc/rc.local Compatibility.
[[0;32m  OK  [0m] Started System Logging Service.
[[0;32m  OK  [0m] Started Login to default iSCSI targets.
[[0;32m  OK  [0m] Started LXD - container startup/shutdown.
[[0;32m  OK  [0m] Started LSB: Record successful boot for GRUB.
[[0;32m  OK  [0m] Started LSB: MD monitoring daemon.
[[0;32m  OK  [0m] Started Login Service.
         Starting Authenticate and Authorize Users to Run Privileged Tasks...
[[0;32m  OK  [0m] Reached target Remote File Systems (Pre).
[[0;32m  OK  [0m] Reached target Remote File Systems.
         Starting Permit User Sessions...
         Starting LSB: automatic crash report generation...
         Starting LSB: daemon to balance interrupts for SMP systems...
         Starting LSB: Set the CPU Frequency Scaling governor to "ondemand"...
[[0;32m  OK  [0m] Started Permit User Sessions.
[[0;32m  OK  [0m] Started Authenticate and Authorize Users to Run Privileged Tasks.
[[0;32m  OK  [0m] Started Accounts Service.
[[0;32m  OK  [0m] Started Virtualbox guest utils.
         Starting Terminate Plymouth Boot Screen...
         Starting Hold until boot process finishes up...
[[0;32m  OK  [0m] Started LSB: automatic crash report generation.
[[0;32m  OK  [0m] Started LSB: daemon to balance interrupts for SMP systems.
[[0;32m  OK  [0m] Started LSB: Set the CPU Frequency Scaling governor to "ondemand".
[[0;32m  OK  [0m] Started Terminate Plymouth Boot Screen.
[[0;32m  OK  [0m] Started Hold until boot process finishes up.
         Starting Set console scheme...
[[0;32m  OK  [0m] Started Serial Getty on ttyS0.
[[0;32m  OK  [0m] Started Getty on tty1.
[[0;32m  OK  [0m] Reached target Login Prompts.
[[0;32m  OK  [0m] Started Snappy daemon.
[[0;32m  OK  [0m] Started Set console scheme.
         Starting Wait until snapd is fully seeded...
[[0;32m  OK  [0m] Started Pollinate to seed the pseudo random number generator.
         Starting OpenBSD Secure Shell server...
[[0;32m  OK  [0m] Started OpenBSD Secure Shell server.
[[0;32m  OK  [0m] Created slice User Slice of vagrant.
         Starting User Manager for UID 1000...
[[0;32m  OK  [0m] Started Session 1 of user vagrant.
[[0;32m  OK  [0m] Started User Manager for UID 1000.
         Stopping User Manager for UID 1000...
[[0;32m  OK  [0m] Stopped User Manager for UID 1000.
[[0;32m  OK  [0m] Removed slice User Slice of vagrant.
[[0;32m  OK  [0m] Created slice User Slice of vagrant.
         Starting User Manager for UID 1000...
[[0;32m  OK  [0m] Started Session 2 of user vagrant.
[[0;32m  OK  [0m] Started User Manager for UID 1000.
[   17.132695] cloud-init[1511]: Generating locales (this might take a while)...

Ubuntu 16.04.5 LTS ubuntu-xenial ttyS0

ubuntu-xenial login: [   18.001815] cloud-init[1511]:   en_US.UTF-8... done
[   18.007715] cloud-init[1511]: Generation complete.
[   18.337008] cloud-init[1511]: Cloud-init v. 18.4-0ubuntu1~16.04.2 running 'modules:config' at Tue, 15 Jan 2019 04:35:50 +0000. Up 17.03 seconds.
ci-info: no authorized ssh keys fingerprints found for user ubuntu.
<14>Jan 15 04:35:52 ec2: 
<14>Jan 15 04:35:52 ec2: #############################################################
<14>Jan 15 04:35:52 ec2: -----BEGIN SSH HOST KEY FINGERPRINTS-----
<14>Jan 15 04:35:52 ec2: 1024 SHA256:25Nhhj6bir8z2G8gCGj9/ijHYUHrgpzT5gIdkocZgqw root@ubuntu-xenial (DSA)
<14>Jan 15 04:35:52 ec2: 256 SHA256:i+bOXzs88wcm08PeOD0nd7guPCIyPviU1PJP9B/xrFU root@ubuntu-xenial (ECDSA)
<14>Jan 15 04:35:52 ec2: 256 SHA256:EavE/yNA0+0xrLklIIniQawsxAylzIBevahFd83OA5o root@ubuntu-xenial (ED25519)
<14>Jan 15 04:35:52 ec2: 2048 SHA256:N1lkxrxljhi0YDac4O4yMPXV9Qmk3XZIxapSdS7zgSk root@ubuntu-xenial (RSA)
<14>Jan 15 04:35:52 ec2: -----END SSH HOST KEY FINGERPRINTS-----
<14>Jan 15 04:35:52 ec2: #############################################################
-----BEGIN SSH HOST KEY KEYS-----
ecdsa-sha2-nistp256 AAAAE2VjZHNhLXNoYTItbmlzdHAyNTYAAAAIbmlzdHAyNTYAAABBBH4dcSIYmLd8ZkLjLB1A3rNKzYPf63xIB3awo3iK+kuDTwUl/FEtdkSpYXWYa8iaHNKylV+tAd1jSG0b+b2GwIQ= root@ubuntu-xenial
ssh-ed25519 AAAAC3NzaC1lZDI1NTE5AAAAIGQw8b4Pi8Phg3qPBcSGSpFOJOqaLwBxYZ3m2oMGR166 root@ubuntu-xenial
ssh-rsa AAAAB3NzaC1yc2EAAAADAQABAAABAQCt8TYWnbKX0TLm/PxnQdmVkEIaligf6R127KH3csl51Aev+Ked2fYR3fi5eFNuJwm7pMp+AInulLNCMuWq/u53vJkrhOb1tAXif+ooLoUNxDTOThZkQAsElKDermyugA8V+P4beZ1hgH6RepzE5fXTOUOcZ0HlBkKnhkvIGOm4zvLuNdJsRsvmloMOpCsvP22jtSttyhPOetnvavro3YXKwMUvDjQ5wiqwlERzBoa+eprvSxwHdUUJuyT8kaTmfbxNVlRhXOPMWdTb4qdUcixIfUMUvZYY84Yi4G8VgIHLMRyqmlIuctOxi10ODur5Gqd/R5WWJwmnBY1QY6eLi8dH root@ubuntu-xenial
-----END SSH HOST KEY KEYS-----
[   19.151823] cloud-init[1698]: Cloud-init v. 18.4-0ubuntu1~16.04.2 running 'modules:final' at Tue, 15 Jan 2019 04:35:52 +0000. Up 18.87 seconds.
[   19.152276] cloud-init[1698]: ci-info: no authorized ssh keys fingerprints found for user ubuntu.
[   19.152500] cloud-init[1698]: Cloud-init v. 18.4-0ubuntu1~16.04.2 finished at Tue, 15 Jan 2019 04:35:52 +0000. Datasource DataSourceNoCloud [seed=/dev/sdb][dsmode=net].  Up 19.13 seconds
